  Camera.cpp
D:\DirectXSamples\Ogre3D.Direct3D9_Project\OgreArchitecture\Camera.cpp(32): warning C4238: 비표준 확장이 사용됨: 클래스 rvalue를 lvalue로 사용했습니다.
D:\DirectXSamples\Ogre3D.Direct3D9_Project\OgreArchitecture\Camera.cpp(32,38): warning C4238: 비표준 확장이 사용됨: 클래스 rvalue를 lvalue로 사용했습니다.
  Entity.cpp
D:\DirectXSamples\Ogre3D.Direct3D9_Project\OgreArchitecture\Entity.cpp(40,24): warning C4456: 'route' 선언은 이전 로컬 선언을 숨깁니다.
D:\DirectXSamples\Ogre3D.Direct3D9_Project\OgreArchitecture\Entity.cpp(19,7): message : 'route' 선언을 참조하십시오.
D:\DirectXSamples\Ogre3D.Direct3D9_Project\OgreArchitecture\Entity.cpp(44,18): warning C4456: 'isFail' 선언은 이전 로컬 선언을 숨깁니다.
D:\DirectXSamples\Ogre3D.Direct3D9_Project\OgreArchitecture\Entity.cpp(20,7): message : 'isFail' 선언을 참조하십시오.
D:\DirectXSamples\Ogre3D.Direct3D9_Project\OgreArchitecture\Entity.cpp(42,4): warning C4996: 'sprintf': This function or variable may be unsafe. Consider using sprintf_s instead. To disable deprecation, use _CRT_SECURE_NO_WARNINGS. See online help for details.
D:\DirectXSamples\Ogre3D.Direct3D9_Project\OgreArchitecture\Entity.cpp(76,20): warning C4018: '<': signed 또는 unsigned가 일치하지 않습니다.
  Light.cpp
  MovableObject.cpp
  Node.cpp
D:\DirectXSamples\Ogre3D.Direct3D9_Project\OgreArchitecture\Node.cpp(59,67): warning C4239: 비표준 확장이 사용됨: 'return': 'D3DXMATRIX'에서 'D3DXMATRIX &'(으)로의 변환입니다.
D:\DirectXSamples\Ogre3D.Direct3D9_Project\OgreArchitecture\Node.cpp(59,67): message : 비const 참조는 lvalue에만 바인딩할 수 있습니다.
D:\DirectXSamples\Ogre3D.Direct3D9_Project\OgreArchitecture\Node.cpp(60,42): warning C4239: 비표준 확장이 사용됨: 'return': 'D3DXMATRIX'에서 'D3DXMATRIX &'(으)로의 변환입니다.
D:\DirectXSamples\Ogre3D.Direct3D9_Project\OgreArchitecture\Node.cpp(60,42): message : 비const 참조는 lvalue에만 바인딩할 수 있습니다.
D:\DirectXSamples\Ogre3D.Direct3D9_Project\OgreArchitecture\Node.cpp(72,60): warning C4239: 비표준 확장이 사용됨: 'return': 'D3DXMATRIX'에서 'D3DXMATRIX &'(으)로의 변환입니다.
D:\DirectXSamples\Ogre3D.Direct3D9_Project\OgreArchitecture\Node.cpp(72,60): message : 비const 참조는 lvalue에만 바인딩할 수 있습니다.
D:\DirectXSamples\Ogre3D.Direct3D9_Project\OgreArchitecture\Node.cpp(73,30): warning C4239: 비표준 확장이 사용됨: 'return': 'D3DXMATRIX'에서 'D3DXMATRIX &'(으)로의 변환입니다.
D:\DirectXSamples\Ogre3D.Direct3D9_Project\OgreArchitecture\Node.cpp(73,30): message : 비const 참조는 lvalue에만 바인딩할 수 있습니다.
  OgreArchitecture.cpp
  Root.cpp
  SceneManager.cpp
D:\DirectXSamples\Ogre3D.Direct3D9_Project\OgreArchitecture\SceneManager.cpp(133,9): warning C4244: '초기화 중': 'float'에서 'int'(으)로 변환하면서 데이터가 손실될 수 있습니다.
D:\DirectXSamples\Ogre3D.Direct3D9_Project\OgreArchitecture\SceneManager.cpp(134,9): warning C4244: '초기화 중': 'float'에서 'int'(으)로 변환하면서 데이터가 손실될 수 있습니다.
D:\DirectXSamples\Ogre3D.Direct3D9_Project\OgreArchitecture\SceneManager.cpp(135,9): warning C4244: '초기화 중': 'float'에서 'int'(으)로 변환하면서 데이터가 손실될 수 있습니다.
D:\DirectXSamples\Ogre3D.Direct3D9_Project\OgreArchitecture\SceneManager.cpp(147,2): warning C4996: 'strcpy': This function or variable may be unsafe. Consider using strcpy_s instead. To disable deprecation, use _CRT_SECURE_NO_WARNINGS. See online help for details.
D:\DirectXSamples\Ogre3D.Direct3D9_Project\OgreArchitecture\SceneManager.cpp(139,2): warning C4996: 'sprintf': This function or variable may be unsafe. Consider using sprintf_s instead. To disable deprecation, use _CRT_SECURE_NO_WARNINGS. See online help for details.
D:\DirectXSamples\Ogre3D.Direct3D9_Project\OgreArchitecture\SceneManager.cpp(140,2): warning C4996: 'sprintf': This function or variable may be unsafe. Consider using sprintf_s instead. To disable deprecation, use _CRT_SECURE_NO_WARNINGS. See online help for details.
D:\DirectXSamples\Ogre3D.Direct3D9_Project\OgreArchitecture\SceneManager.cpp(141,2): warning C4996: 'sprintf': This function or variable may be unsafe. Consider using sprintf_s instead. To disable deprecation, use _CRT_SECURE_NO_WARNINGS. See online help for details.
  SceneNode.cpp
D:\DirectXSamples\Ogre3D.Direct3D9_Project\OgreArchitecture\SceneNode.cpp(61,45): warning C4458: 'nodeName' 선언은 클래스 멤버를 숨깁니다.
D:\DirectXSamples\Ogre3D.Direct3D9_Project\OgreArchitecture\Node.h(13,9): message : 'Tipp7::Node::nodeName' 선언을 참조하십시오.
  TestScene.cpp
  코드를 생성하고 있습니다...
D:\DirectXSamples\Ogre3D.Direct3D9_Project\OgreArchitecture\SceneNode.cpp(73): warning C4715: 'Tipp7::SceneNode::GetChild': 모든 제어 경로에서 값을 반환하지는 않습니다.
D:\DirectXSamples\Ogre3D.Direct3D9_Project\OgreArchitecture\SceneManager.cpp(29): warning C4715: 'Tipp7::SceneManager::getSceneNode': 모든 제어 경로에서 값을 반환하지는 않습니다.
D:\DirectXSamples\Ogre3D.Direct3D9_Project\OgreArchitecture\SceneManager.cpp(53): warning C4715: 'Tipp7::SceneManager::getMovableObject': 모든 제어 경로에서 값을 반환하지는 않습니다.
D:\DirectXSamples\Ogre3D.Direct3D9_Project\OgreArchitecture\SceneManager.cpp(77): warning C4715: 'Tipp7::SceneManager::getCamera': 모든 제어 경로에서 값을 반환하지는 않습니다.
D:\DirectXSamples\Ogre3D.Direct3D9_Project\OgreArchitecture\Node.cpp(72): warning C4172: 지역 변수 또는 임시의 주소를 반환하고 있습니다.
D:\DirectXSamples\Ogre3D.Direct3D9_Project\OgreArchitecture\Node.cpp(73): warning C4172: 지역 변수 또는 임시의 주소를 반환하고 있습니다.
D:\DirectXSamples\Ogre3D.Direct3D9_Project\OgreArchitecture\Node.cpp(59): warning C4172: 지역 변수 또는 임시의 주소를 반환하고 있습니다.
D:\DirectXSamples\Ogre3D.Direct3D9_Project\OgreArchitecture\Node.cpp(60): warning C4172: 지역 변수 또는 임시의 주소를 반환하고 있습니다.
Camera.obj : warning LNK4075: '/EDITANDCONTINUE'이(가) '/SAFESEH' 사양으로 인해 무시됩니다.
  OgreArchitecture_2010.vcxproj -> D:\DirectXSamples\Ogre3D.Direct3D9_Project\OgreArchitecture\Debug\OgreArchitecture.exe
